<?xml version="1.0" encoding="UTF-8"?>
<!-- Generated by org.testng.reporters.JUnitReportReporter -->
<testsuite hostname="Lenovo-PC" failures="0" tests="1" name="com.juaracoding.gist.glue.StepDefinition" time="12.948" errors="0" timestamp="2022-02-04T11:16:39 WIB" skipped="0">
  <testcase classname="com.juaracoding.gist.glue.StepDefinition" name="LoginGist" time="12.948"/>
  <system-out/>
</testsuite> <!-- com.juaracoding.gist.glue.StepDefinition -->
